g++ -O0 -g -Wall -Wextra -Winit-self -Wpointer-arith -Wreturn-type -Waddress -Wsequence-point -Wformat-security -Wmissing-include-dirs -Wfloat-equal -Wundef -Wcast-align -Wcast-qual -Wno-unused-parameter -I./include -Wnon-virtual-dtor -std=c++1z -fPIC -Wno-attributes -I./include/sample_libcrypto -c src/service_provider/ias_ra.cpp -o build/service_provider/ias_ra.o
g++ -O0 -g -Wall -Wextra -Winit-self -Wpointer-arith -Wreturn-type -Waddress -Wsequence-point -Wformat-security -Wmissing-include-dirs -Wfloat-equal -Wundef -Wcast-align -Wcast-qual -Wno-unused-parameter -I./include -Wnon-virtual-dtor -std=c++1z -fPIC -Wno-attributes -I./include/sample_libcrypto -c src/service_provider/service_provider.cpp -o build/service_provider/service_provider.o
src/service_provider/ias_ra.cpp: In function â€˜int ias_verify_attestation_evidence(const sample_quote_t*, uint8_t*, ias_att_report_t*)â€™:
src/service_provider/ias_ra.cpp:164:44: warning: cast from type â€˜const sample_ec256_private_t*â€™ to type â€˜sample_ec256_private_t*â€™ casts away qualifiers [-Wcast-qual]
                 (sample_ec256_private_t *)&g_rk_priv_key,
                                            ^~~~~~~~~~~~~
src/service_provider/service_provider.cpp: In function â€˜int sp_ra_proc_msg1_req(const sample_ra_msg1_t*, uint32_t, ra_samp_response_header_t**)â€™:
src/service_provider/service_provider.cpp:381:47: warning: cast from type â€˜const sample_ec_pub_t*â€™ to type â€˜sample_ec256_public_t*â€™ casts away qualifiers [-Wcast-qual]
             (sample_ec256_public_t *)&p_msg1->g_a,
                                               ^~~
src/service_provider/service_provider.cpp:507:52: warning: cast from type â€˜const sample_ec256_private_t*â€™ to type â€˜sample_ec256_private_t*â€™ casts away qualifiers [-Wcast-qual]
                         (sample_ec256_private_t *)&g_sp_priv_key,
                                                    ^~~~~~~~~~~~~
[1;93;49mProxy files generated.[0m
[1;93;49mCC  =>  build/enclave/enclave_u.o[0m
[1;93;49mMoved headers to ./include.[0m
[1;93;49mCXX  <=  src/service_provider/ias_ra.cpp[0m
[1;93;49mCC  =>  build/enclave/enclave_t.o[0m
[1;93;49mCXX  <=  src/service_provider/service_provider.cpp[0m
/usr/local/bin/ld: æ‰¾ä¸åˆ° -lsample_libcrypto
collect2: error: ld returned 1 exit status
Makefile:211: recipe for target 'build/service_provider/libservice_provider.so' failed
make: *** [build/service_provider/libservice_provider.so] Error 1
make: *** æ­£åœ¨ç­‰å¾…æœªå®Œæˆçš„ä»»åŠ¡....
/usr/local/bin/ld: build/enclave/enclave_t.o: in function `sgx_sgx_ra_get_ga':
/home/chb/SGXOram/sgx/src/enclave/enclave_t.c:507: undefined reference to `sgx_ra_get_ga'
/usr/local/bin/ld: build/enclave/enclave_t.o: in function `sgx_sgx_ra_proc_msg2_trusted':
/home/chb/SGXOram/sgx/src/enclave/enclave_t.c:595: undefined reference to `sgx_ra_proc_msg2_trusted'
/usr/local/bin/ld: build/enclave/enclave_t.o: in function `sgx_sgx_ra_get_msg3_trusted':
/home/chb/SGXOram/sgx/src/enclave/enclave_t.c:652: undefined reference to `sgx_ra_get_msg3_trusted'
/usr/local/bin/ld: build/enclave/enclave_init.o: in function `enclave_init_ra':
/home/chb/SGXOram/sgx/src/enclave/enclave_init.cc:161: undefined reference to `sgx_ra_init'
/usr/local/bin/ld: build/enclave/enclave_init.o: in function `enclave_ra_close':
/home/chb/SGXOram/sgx/src/enclave/enclave_init.cc:175: undefined reference to `sgx_ra_close'
/usr/local/bin/ld: build/enclave/enclave_init.o: in function `verify_att_result_mac':
/home/chb/SGXOram/sgx/src/enclave/enclave_init.cc:213: undefined reference to `sgx_ra_get_keys'
/usr/local/bin/ld: build/enclave/enclave_init.o: in function `put_secret_data':
/home/chb/SGXOram/sgx/src/enclave/enclave_init.cc:260: undefined reference to `sgx_ra_get_keys'
collect2: error: ld returned 1 exit status
Makefile:194: recipe for target 'build/enclave/enclave.so' failed
make: *** [build/enclave/enclave.so] Error 1
/usr/local/bin/ld: build/enclave/enclave_u.o: in function `enclave_ocall_write_slot':
/home/chb/SGXOram/sgx/src/enclave/enclave_u.c:113: undefined reference to `ocall_write_slot'
collect2: error: ld returned 1 exit status
Makefile:202: recipe for target 'build/app/app.bin' failed
make: *** [build/app/app.bin] Error 1
